<?xml version="1.0" encoding="UTF-8"?>
<!-- Generated by org.testng.reporters.JUnitXMLReporter -->
<testsuite ignored="0" hostname="LAPTOP-VEC5OK00" failures="1" tests="1" name="Test" time="14.615" errors="0" timestamp="2024-11-01T19:04:01 IST">
  <testcase classname="testscript.Base" name="@AfterMethod afterMethod" time="0.131">
    <failure type="java.io.FileNotFoundException" message="C:\Users\Shifana s\eclipse-workspace\7rMartSuperMarket\OutputScreenshots\verify_is_able_open_the_SubCAtegory_Page_01_01_1970_05_30_00.png (The system cannot find the path specified)">
      <![CDATA[java.io.FileNotFoundException: C:\Users\Shifana s\eclipse-workspace\7rMartSuperMarket\OutputScreenshots\verify_is_able_open_the_SubCAtegory_Page_01_01_1970_05_30_00.png (The system cannot find the path specified)
at java.base/java.io.FileOutputStream.open0(Native Method)
at java.base/java.io.FileOutputStream.open(FileOutputStream.java:293)
at java.base/java.io.FileOutputStream.<init>(FileOutputStream.java:235)
at java.base/java.io.FileOutputStream.<init>(FileOutputStream.java:184)
at org.openqa.selenium.io.FileHandler.copyFile(FileHandler.java:131)
at org.openqa.selenium.io.FileHandler.copy(FileHandler.java:110)
at utilities.ScreenshotUtility.captureFailureScreenShot(ScreenshotUtility.java:27)
at testscript.Base.afterMethod(Base.java:34)
at java.base/java.util.ArrayList.forEach(ArrayList.java:1511)
... Removed 32 stack frames]]>
    </failure>
  </testcase> <!-- @AfterMethod afterMethod -->
  <testcase classname="testscript.SubCategory_Test" name="verify_is_able_open_the_SubCAtegory_Page" time="11.999">
    <failure type="org.openqa.selenium.NoSuchElementException" message="Cannot locate option with value: Electronics
For documentation on this error, please visit: https://www.selenium.dev/documentation/webdriver/troubleshooting/errors#no-such-element-exception
Build info: version: &amp;apos;4.18.1&amp;apos;, revision: &amp;apos;b1d3319b48&amp;apos;
System info: os.name: &amp;apos;Windows 11&amp;apos;, os.arch: &amp;apos;amd64&amp;apos;, os.version: &amp;apos;10.0&amp;apos;, java.version: &amp;apos;17.0.11&amp;apos;
Driver info: driver.version: unknown">
      <![CDATA[org.openqa.selenium.NoSuchElementException: Cannot locate option with value: Electronics
For documentation on this error, please visit: https://www.selenium.dev/documentation/webdriver/troubleshooting/errors#no-such-element-exception
Build info: version: '4.18.1', revision: 'b1d3319b48'
System info: os.name: 'Windows 11', os.arch: 'amd64', os.version: '10.0', java.version: '17.0.11'
Driver info: driver.version: unknown
at org.openqa.selenium.support.ui.Select.findOptionsByValue(Select.java:289)
at org.openqa.selenium.support.ui.Select.selectByValue(Select.java:194)
at utilities.PageUtility.selectByvalueofElement(PageUtility.java:17)
at pages.SubCategoriesAddNewPage.verify_user_able_to_select_the_category(SubCategoriesAddNewPage.java:43)
at testscript.SubCategory_Test.verify_is_able_open_the_SubCAtegory_Page(SubCategory_Test.java:28)
at java.base/java.util.ArrayList.forEach(ArrayList.java:1511)
... Removed 27 stack frames]]>
    </failure>
  </testcase> <!-- verify_is_able_open_the_SubCAtegory_Page -->
</testsuite> <!-- Test -->
