<?xml version="1.0" encoding="UTF-8"?>
<testng-results ignored="0" total="1" passed="1" failed="0" skipped="0">
  <reporter-output>
  </reporter-output>
  <suite started-at="2024-11-18T21:12:35 IST" name="Suite" finished-at="2024-11-18T21:12:41 IST" duration-ms="5680">
    <groups>
    </groups>
    <test started-at="2024-11-18T21:12:35 IST" name="Test" finished-at="2024-11-18T21:12:41 IST" duration-ms="5680">
      <class name="testscript.Admin_UserTest">
        <test-method is-config="true" signature="beforeMethod(java.lang.String)[pri:0, instance:testscript.Admin_UserTest@4fb61f4a]" started-at="2024-11-18T21:12:35 IST" name="beforeMethod" finished-at="2024-11-18T21:12:38 IST" duration-ms="2829" status="PASS">
          <params>
            <param index="0">
              <value>
                <![CDATA[chrome]]>
              </value>
            </param>
          </params>
          <reporter-output>
          </reporter-output>
        </test-method> <!-- beforeMethod -->
        <test-method signature="verify_user_is_able_to_Create_New_user(java.lang.String,java.lang.String,java.lang.String,java.lang.String,java.lang.String)[pri:0, instance:testscript.Admin_UserTest@4fb61f4a]" started-at="2024-11-18T21:12:38 IST" name="verify_user_is_able_to_Create_New_user" finished-at="2024-11-18T21:12:40 IST" duration-ms="2551" status="PASS">
          <params>
            <param index="0">
              <value>
                <![CDATA[admin]]>
              </value>
            </param>
            <param index="1">
              <value>
                <![CDATA[admin]]>
              </value>
            </param>
            <param index="2">
              <value>
                <![CDATA[super super]]>
              </value>
            </param>
            <param index="3">
              <value>
                <![CDATA[super]]>
              </value>
            </param>
            <param index="4">
              <value>
                <![CDATA[Staff]]>
              </value>
            </param>
          </params>
          <reporter-output>
          </reporter-output>
        </test-method> <!-- verify_user_is_able_to_Create_New_user -->
        <test-method is-config="true" signature="afterMethod(org.testng.ITestResult)[pri:0, instance:testscript.Admin_UserTest@4fb61f4a]" started-at="2024-11-18T21:12:40 IST" name="afterMethod" finished-at="2024-11-18T21:12:41 IST" duration-ms="247" status="PASS">
          <params>
            <param index="0">
              <value>
                <![CDATA[[TestResult name=verify_user_is_able_to_Create_New_user status=SUCCESS method=Admin_UserTest.verify_user_is_able_to_Create_New_user(java.lang.String,java.lang.String,java.lang.String,java.lang.String,java.lang.String)[pri:0, instance:testscript.Admin_UserTest@4fb61f4a] output={null}]]]>
              </value>
            </param>
          </params>
          <reporter-output>
          </reporter-output>
        </test-method> <!-- afterMethod -->
      </class> <!-- testscript.Admin_UserTest -->
    </test> <!-- Test -->
  </suite> <!-- Suite -->
</testng-results>
