<?xml version="1.0" encoding="UTF-8"?>
<!-- Generated by org.testng.reporters.JUnitXMLReporter -->
<testsuite ignored="3" hostname="LAPTOP-VEC5OK00" failures="0" tests="1" name="Grouping.xml" time="4.24" errors="0" timestamp="2024-11-06T21:03:18 IST">
  <testcase classname="testscript.LoginTest" name="verify_user_is_able_to_login_With_Invalid_username_and_valid_password" time="1.518"/>
  <testcase classname="testscript.LoginTest" name="verify_user_is_able_to_login_valid_credentials" time="0.0">
    <ignored/>
  </testcase> <!-- verify_user_is_able_to_login_valid_credentials -->
  <testcase classname="testscript.LoginTest" name="verify_user_is_able_to_login_With_Invalid_username_and_Invalid_password" time="0.0">
    <ignored/>
  </testcase> <!-- verify_user_is_able_to_login_With_Invalid_username_and_Invalid_password -->
  <testcase classname="testscript.LoginTest" name="verify_user_is_able_to_login_With_valid_username_and_Invalid_password" time="0.0">
    <ignored/>
  </testcase> <!-- verify_user_is_able_to_login_With_valid_username_and_Invalid_password -->
</testsuite> <!-- Grouping.xml -->
