<?xml version="1.0" encoding="UTF-8"?>
<!-- Generated by org.testng.reporters.JUnitXMLReporter -->
<testsuite ignored="3" hostname="LAPTOP-VEC5OK00" failures="0" tests="2" name="Edge Test" time="20.519" errors="0" timestamp="2024-11-06T20:38:49 IST">
  <testcase classname="testscript.LoginTest" name="verify_user_is_able_to_login_valid_credentials" time="1.098"/>
  <testcase classname="testscript.LoginTest" name="verify_user_is_able_to_login_valid_credentials" time="0.0">
    <skipped/>
  </testcase> <!-- verify_user_is_able_to_login_valid_credentials -->
  <testcase classname="testscript.LoginTest" name="verify_user_is_able_to_login_With_Invalid_username_and_Invalid_password" time="0.0">
    <ignored/>
  </testcase> <!-- verify_user_is_able_to_login_With_Invalid_username_and_Invalid_password -->
  <testcase classname="testscript.LoginTest" name="verify_user_is_able_to_login_With_valid_username_and_Invalid_password" time="0.0">
    <ignored/>
  </testcase> <!-- verify_user_is_able_to_login_With_valid_username_and_Invalid_password -->
  <testcase classname="testscript.LoginTest" name="verify_user_is_able_to_login_With_Invalid_username_and_valid_password" time="0.0">
    <ignored/>
  </testcase> <!-- verify_user_is_able_to_login_With_Invalid_username_and_valid_password -->
</testsuite> <!-- Edge Test -->
